[debug] [2025-10-18T19:31:29.960Z] ----------------------------------------------------------------------
[debug] [2025-10-18T19:31:29.962Z] Command:       C:\Program Files\nodejs\node.exe C:\Users\coolj\Desktop\code\gitpolish\Git-Polish\functions\node_modules\firebase-tools\lib\bin\firebase.js emulators:start --only functions
[debug] [2025-10-18T19:31:29.962Z] CLI Version:   14.20.0
[debug] [2025-10-18T19:31:29.963Z] Platform:      win32
[debug] [2025-10-18T19:31:29.963Z] Node Version:  v22.18.0
[debug] [2025-10-18T19:31:29.963Z] Time:          Sat Oct 18 2025 14:31:29 GMT-0500 (Central Daylight Time)
[debug] [2025-10-18T19:31:29.963Z] ----------------------------------------------------------------------
[debug] 
[debug] [2025-10-18T19:31:30.110Z] > command requires scopes: ["email","openid","https://www.googleapis.com/auth/cloudplatformprojects.readonly","https://www.googleapis.com/auth/firebase","https://www.googleapis.com/auth/cloud-platform"]
[debug] Failed to authenticate, have you run firebase login?
[warn] !  emulators: You are not currently authenticated so some features may not work correctly. Please run firebase login to authenticate the CLI. 
[info] i  emulators: Starting emulators: functions {"metadata":{"emulator":{"name":"hub"},"message":"Starting emulators: functions"}}
[info] i  emulators: Detected demo project ID "demo-no-project", emulated services will use a demo configuration and attempts to access non-emulated services for this project will fail. {"metadata":{"emulator":{"name":"hub"},"message":"Detected demo project ID \"demo-no-project\", emulated services will use a demo configuration and attempts to access non-emulated services for this project will fail."}}
[debug] [2025-10-18T19:31:30.136Z] [logging] Logging Emulator only supports listening on one address (127.0.0.1). Not listening on ::1
[debug] [2025-10-18T19:31:30.136Z] assigned listening specs for emulators {"user":{"hub":[{"address":"127.0.0.1","family":"IPv4","port":4400},{"address":"::1","family":"IPv6","port":4400}],"ui":[{"address":"127.0.0.1","family":"IPv4","port":4000},{"address":"::1","family":"IPv6","port":4000}],"logging":[{"address":"127.0.0.1","family":"IPv4","port":4500}]},"metadata":{"message":"assigned listening specs for emulators"}}
[debug] [2025-10-18T19:31:30.139Z] Emulator locator file path: C:\Users\coolj\AppData\Local\Temp\hub-demo-no-project.json
[debug] [2025-10-18T19:31:30.139Z] [hub] writing locator at C:\Users\coolj\AppData\Local\Temp\hub-demo-no-project.json
[debug] [2025-10-18T19:31:30.154Z] [functions] Functions Emulator only supports listening on one address (127.0.0.1). Not listening on ::1
[debug] [2025-10-18T19:31:30.154Z] [eventarc] Eventarc Emulator only supports listening on one address (127.0.0.1). Not listening on ::1
[debug] [2025-10-18T19:31:30.154Z] [tasks] Cloud Tasks Emulator only supports listening on one address (127.0.0.1). Not listening on ::1
[debug] [2025-10-18T19:31:30.154Z] late-assigned ports for functions and eventarc emulators {"user":{"hub":[{"address":"127.0.0.1","family":"IPv4","port":4400},{"address":"::1","family":"IPv6","port":4400}],"ui":[{"address":"127.0.0.1","family":"IPv4","port":4000},{"address":"::1","family":"IPv6","port":4000}],"logging":[{"address":"127.0.0.1","family":"IPv4","port":4500}],"functions":[{"address":"127.0.0.1","family":"IPv4","port":5001}],"eventarc":[{"address":"127.0.0.1","family":"IPv4","port":9299}],"tasks":[{"address":"127.0.0.1","family":"IPv4","port":9499}]},"metadata":{"message":"late-assigned ports for functions and eventarc emulators"}}
[info] i  functions: Watching "C:\Users\coolj\Desktop\code\gitpolish\Git-Polish\functions" for Cloud Functions... {"metadata":{"emulator":{"name":"functions"},"message":"Watching \"C:\\Users\\coolj\\Desktop\\code\\gitpolish\\Git-Polish\\functions\" for Cloud Functions..."}}
[debug] [2025-10-18T19:31:30.173Z] Validating nodejs source
[debug] [2025-10-18T19:31:30.797Z] > [functions] package.json contents: {
  "name": "functions",
  "description": "Cloud Functions for Firebase",
  "type": "module",
  "scripts": {
    "lint": "eslint .",
    "serve": "firebase emulators:start --only functions",
    "shell": "firebase functions:shell",
    "start": "npm run shell",
    "deploy": "firebase deploy --only functions",
    "logs": "firebase functions:log"
  },
  "engines": {
    "node": "22"
  },
  "main": "index.js",
  "dependencies": {
    "@google-cloud/secret-manager": "^6.1.1",
    "@google/genai": "^1.25.0",
    "adm-zip": "^0.5.16",
    "firebase-admin": "^13.5.0",
    "firebase-functions": "^6.0.1",
    "firebase-tools": "^14.20.0"
  },
  "devDependencies": {
    "eslint": "^8.15.0",
    "eslint-config-google": "^0.14.0",
    "firebase-functions-test": "^3.1.0"
  },
  "private": true
}
[debug] [2025-10-18T19:31:30.798Z] Building nodejs source
[debug] [2025-10-18T19:31:30.798Z] Failed to find version of module node: reached end of search path C:\Users\coolj\Desktop\code\gitpolish\Git-Polish\functions\node_modules
[info] +  functions: Using node@22 from host. 
[debug] [2025-10-18T19:31:30.800Z] Could not find functions.yaml. Must use http discovery
[debug] [2025-10-18T19:31:30.806Z] Found firebase-functions binary at 'C:\Users\coolj\Desktop\code\gitpolish\Git-Polish\functions\node_modules\.bin\firebase-functions'
[info] Serving at port 8634

[debug] [2025-10-18T19:31:31.497Z] Got response from /__/functions.yaml {"endpoints":{"readmeGen":{"availableMemoryMb":null,"timeoutSeconds":null,"minInstances":null,"maxInstances":null,"ingressSettings":null,"concurrency":null,"serviceAccountEmail":null,"vpc":null,"platform":"gcfv2","labels":{},"httpsTrigger":{},"entryPoint":"readmeGen"}},"specVersion":"v1alpha1","requiredAPIs":[],"extensions":{}}
[info] +  functions: Loaded functions definitions from source: readmeGen. {"metadata":{"emulator":{"name":"functions"},"message":"Loaded functions definitions from source: readmeGen."}}
[info] +  functions[us-central1-readmeGen]: http function initialized (http://127.0.0.1:5001/demo-no-project/us-central1/readmeGen). {"metadata":{"emulator":{"name":"functions"},"message":"\u001b[1mhttp\u001b[22m function initialized (http://127.0.0.1:5001/demo-no-project/us-central1/readmeGen)."}}
[debug] [2025-10-18T19:31:35.550Z] Could not find VSCode notification endpoint: FetchError: request to http://localhost:40001/vscode/notify failed, reason: . If you are not running the Firebase Data Connect VSCode extension, this is expected and not an issue.
[info] 
┌─────────────────────────────────────────────────────────────┐
│ ✔  All emulators ready! It is now safe to connect your app. │
│ i  View Emulator UI at http://127.0.0.1:4000/               │
└─────────────────────────────────────────────────────────────┘

┌───────────┬────────────────┬─────────────────────────────────┐
│ Emulator  │ Host:Port      │ View in Emulator UI             │
├───────────┼────────────────┼─────────────────────────────────┤
│ Functions │ 127.0.0.1:5001 │ http://127.0.0.1:4000/functions │
└───────────┴────────────────┴─────────────────────────────────┘
  Emulator Hub host: 127.0.0.1 port: 4400
  Other reserved ports: 4500

Issues? Report them at https://github.com/firebase/firebase-tools/issues and attach the *-debug.log files.
 
[debug] [2025-10-18T19:31:59.230Z] [work-queue] {"queuedWork":["/demo-no-project/us-central1/readmeGen-2025-10-18T19:31:59.230Z"],"queueLength":1,"runningWork":[],"workRunningCount":0}
[debug] [2025-10-18T19:31:59.231Z] [work-queue] {"queuedWork":[],"queueLength":0,"runningWork":["/demo-no-project/us-central1/readmeGen-2025-10-18T19:31:59.230Z"],"workRunningCount":1}
[debug] [2025-10-18T19:31:59.231Z] Accepted request POST /demo-no-project/us-central1/readmeGen --> us-central1-readmeGen
[debug] [2025-10-18T19:31:59.231Z] [functions] Runtime ready! Sending request! {"metadata":{"emulator":{"name":"functions"},"message":"[functions] Runtime ready! Sending request!"}}
[debug] [2025-10-18T19:31:59.232Z] [functions] Got req.url=/demo-no-project/us-central1/readmeGen, mapping to path=/ {"metadata":{"emulator":{"name":"functions"},"message":"[functions] Got req.url=/demo-no-project/us-central1/readmeGen, mapping to path=/"}}
[debug] [2025-10-18T19:31:59.238Z] [worker-pool] addWorker(us-central1-readmeGen) {"metadata":{"emulator":{"name":"functions"},"message":"[worker-pool] addWorker(us-central1-readmeGen)"}}
[debug] [2025-10-18T19:31:59.239Z] [worker-pool] Adding worker with key us-central1-readmeGen, total=1 {"metadata":{"emulator":{"name":"functions"},"message":"[worker-pool] Adding worker with key us-central1-readmeGen, total=1"}}
[debug] [2025-10-18T19:32:00.024Z] [runtime-status] [19232] Resolved module firebase-admin {"declared":true,"installed":true,"version":"13.5.0","resolution":"C:\\Users\\coolj\\Desktop\\code\\gitpolish\\Git-Polish\\functions\\node_modules\\firebase-admin\\lib\\index.js"} {"metadata":{"emulator":{"name":"functions"},"function":{"name":"us-central1-readmeGen"},"extension":{},"message":"[runtime-status] [19232] Resolved module firebase-admin {\"declared\":true,\"installed\":true,\"version\":\"13.5.0\",\"resolution\":\"C:\\\\Users\\\\coolj\\\\Desktop\\\\code\\\\gitpolish\\\\Git-Polish\\\\functions\\\\node_modules\\\\firebase-admin\\\\lib\\\\index.js\"}"}}
[debug] [2025-10-18T19:32:00.025Z] [runtime-status] [19232] Resolved module firebase-functions {"declared":true,"installed":true,"version":"6.5.0","resolution":"C:\\Users\\coolj\\Desktop\\code\\gitpolish\\Git-Polish\\functions\\node_modules\\firebase-functions\\lib\\v2\\index.js"} {"metadata":{"emulator":{"name":"functions"},"function":{"name":"us-central1-readmeGen"},"extension":{},"message":"[runtime-status] [19232] Resolved module firebase-functions {\"declared\":true,\"installed\":true,\"version\":\"6.5.0\",\"resolution\":\"C:\\\\Users\\\\coolj\\\\Desktop\\\\code\\\\gitpolish\\\\Git-Polish\\\\functions\\\\node_modules\\\\firebase-functions\\\\lib\\\\v2\\\\index.js\"}"}}
[debug] [2025-10-18T19:32:00.025Z] [runtime-status] [19232] Outgoing network have been stubbed. [{"name":"http","status":"mocked"},{"name":"http","status":"mocked"},{"name":"https","status":"mocked"},{"name":"https","status":"mocked"},{"name":"net","status":"mocked"}] {"metadata":{"emulator":{"name":"functions"},"function":{"name":"us-central1-readmeGen"},"extension":{},"message":"[runtime-status] [19232] Outgoing network have been stubbed. [{\"name\":\"http\",\"status\":\"mocked\"},{\"name\":\"http\",\"status\":\"mocked\"},{\"name\":\"https\",\"status\":\"mocked\"},{\"name\":\"https\",\"status\":\"mocked\"},{\"name\":\"net\",\"status\":\"mocked\"}]"}}
[debug] [2025-10-18T19:32:00.025Z] [runtime-status] [19232] Resolved module firebase-functions {"declared":true,"installed":true,"version":"6.5.0","resolution":"C:\\Users\\coolj\\Desktop\\code\\gitpolish\\Git-Polish\\functions\\node_modules\\firebase-functions\\lib\\v2\\index.js"} {"metadata":{"emulator":{"name":"functions"},"function":{"name":"us-central1-readmeGen"},"extension":{},"message":"[runtime-status] [19232] Resolved module firebase-functions {\"declared\":true,\"installed\":true,\"version\":\"6.5.0\",\"resolution\":\"C:\\\\Users\\\\coolj\\\\Desktop\\\\code\\\\gitpolish\\\\Git-Polish\\\\functions\\\\node_modules\\\\firebase-functions\\\\lib\\\\v2\\\\index.js\"}"}}
[debug] [2025-10-18T19:32:00.209Z] [runtime-status] [19232] Checked functions.config() {"config":{}} {"metadata":{"emulator":{"name":"functions"},"function":{"name":"us-central1-readmeGen"},"extension":{},"message":"[runtime-status] [19232] Checked functions.config() {\"config\":{}}"}}
[debug] [2025-10-18T19:32:00.209Z] [runtime-status] [19232] firebase-functions has been stubbed. {"functionsResolution":{"declared":true,"installed":true,"version":"6.5.0","resolution":"C:\\Users\\coolj\\Desktop\\code\\gitpolish\\Git-Polish\\functions\\node_modules\\firebase-functions\\lib\\v2\\index.js"}} {"metadata":{"emulator":{"name":"functions"},"function":{"name":"us-central1-readmeGen"},"extension":{},"message":"[runtime-status] [19232] firebase-functions has been stubbed. {\"functionsResolution\":{\"declared\":true,\"installed\":true,\"version\":\"6.5.0\",\"resolution\":\"C:\\\\Users\\\\coolj\\\\Desktop\\\\code\\\\gitpolish\\\\Git-Polish\\\\functions\\\\node_modules\\\\firebase-functions\\\\lib\\\\v2\\\\index.js\"}}"}}
[debug] [2025-10-18T19:32:00.209Z] [runtime-status] [19232] Resolved module firebase-functions {"declared":true,"installed":true,"version":"6.5.0","resolution":"C:\\Users\\coolj\\Desktop\\code\\gitpolish\\Git-Polish\\functions\\node_modules\\firebase-functions\\lib\\v2\\index.js"} {"metadata":{"emulator":{"name":"functions"},"function":{"name":"us-central1-readmeGen"},"extension":{},"message":"[runtime-status] [19232] Resolved module firebase-functions {\"declared\":true,\"installed\":true,\"version\":\"6.5.0\",\"resolution\":\"C:\\\\Users\\\\coolj\\\\Desktop\\\\code\\\\gitpolish\\\\Git-Polish\\\\functions\\\\node_modules\\\\firebase-functions\\\\lib\\\\v2\\\\index.js\"}"}}
[debug] [2025-10-18T19:32:00.212Z] [runtime-status] [19232] Resolved module firebase-admin {"declared":true,"installed":true,"version":"13.5.0","resolution":"C:\\Users\\coolj\\Desktop\\code\\gitpolish\\Git-Polish\\functions\\node_modules\\firebase-admin\\lib\\index.js"} {"metadata":{"emulator":{"name":"functions"},"function":{"name":"us-central1-readmeGen"},"extension":{},"message":"[runtime-status] [19232] Resolved module firebase-admin {\"declared\":true,\"installed\":true,\"version\":\"13.5.0\",\"resolution\":\"C:\\\\Users\\\\coolj\\\\Desktop\\\\code\\\\gitpolish\\\\Git-Polish\\\\functions\\\\node_modules\\\\firebase-admin\\\\lib\\\\index.js\"}"}}
[debug] [2025-10-18T19:32:00.213Z] [runtime-status] [19232] Resolved module firebase-functions {"declared":true,"installed":true,"version":"6.5.0","resolution":"C:\\Users\\coolj\\Desktop\\code\\gitpolish\\Git-Polish\\functions\\node_modules\\firebase-functions\\lib\\v2\\index.js"} {"metadata":{"emulator":{"name":"functions"},"function":{"name":"us-central1-readmeGen"},"extension":{},"message":"[runtime-status] [19232] Resolved module firebase-functions {\"declared\":true,\"installed\":true,\"version\":\"6.5.0\",\"resolution\":\"C:\\\\Users\\\\coolj\\\\Desktop\\\\code\\\\gitpolish\\\\Git-Polish\\\\functions\\\\node_modules\\\\firebase-functions\\\\lib\\\\v2\\\\index.js\"}"}}
[debug] [2025-10-18T19:32:00.214Z] [runtime-status] [19232] firebase-admin has been stubbed. {"adminResolution":{"declared":true,"installed":true,"version":"13.5.0","resolution":"C:\\Users\\coolj\\Desktop\\code\\gitpolish\\Git-Polish\\functions\\node_modules\\firebase-admin\\lib\\index.js"}} {"metadata":{"emulator":{"name":"functions"},"function":{"name":"us-central1-readmeGen"},"extension":{},"message":"[runtime-status] [19232] firebase-admin has been stubbed. {\"adminResolution\":{\"declared\":true,\"installed\":true,\"version\":\"13.5.0\",\"resolution\":\"C:\\\\Users\\\\coolj\\\\Desktop\\\\code\\\\gitpolish\\\\Git-Polish\\\\functions\\\\node_modules\\\\firebase-admin\\\\lib\\\\index.js\"}}"}}
[debug] [2025-10-18T19:32:00.450Z] [runtime-status] [19232] Functions runtime initialized. {"cwd":"C:\\Users\\coolj\\Desktop\\code\\gitpolish\\Git-Polish\\functions","node_version":"22.18.0"} {"metadata":{"emulator":{"name":"functions"},"function":{"name":"us-central1-readmeGen"},"extension":{},"message":"[runtime-status] [19232] Functions runtime initialized. {\"cwd\":\"C:\\\\Users\\\\coolj\\\\Desktop\\\\code\\\\gitpolish\\\\Git-Polish\\\\functions\",\"node_version\":\"22.18.0\"}"}}
[debug] [2025-10-18T19:32:00.451Z] [runtime-status] [19232] Listening to port: \\?\pipe\fire_emu_101dd757cfb29639 {"metadata":{"emulator":{"name":"functions"},"function":{"name":"us-central1-readmeGen"},"extension":{},"message":"[runtime-status] [19232] Listening to port: \\\\?\\pipe\\fire_emu_101dd757cfb29639"}}
[debug] [2025-10-18T19:32:00.471Z] [worker-us-central1-readmeGen-18231038-2a94-4c1b-98ea-2445099d2560]: IDLE {"metadata":{"emulator":{"name":"functions"},"function":{"name":"us-central1-readmeGen"},"extension":{},"message":"[worker-us-central1-readmeGen-18231038-2a94-4c1b-98ea-2445099d2560]: IDLE"}}
[debug] [2025-10-18T19:32:00.472Z] [worker-pool] submitRequest(triggerId=us-central1-readmeGen) {"metadata":{"emulator":{"name":"functions"},"message":"[worker-pool] submitRequest(triggerId=us-central1-readmeGen)"}}
[info] i  functions: Beginning execution of "us-central1-readmeGen" {"metadata":{"emulator":{"name":"functions"},"function":{"name":"us-central1-readmeGen"},"extension":{},"message":"Beginning execution of \"us-central1-readmeGen\""}}
[debug] [2025-10-18T19:32:00.472Z] [worker-us-central1-readmeGen-18231038-2a94-4c1b-98ea-2445099d2560]: BUSY {"metadata":{"emulator":{"name":"functions"},"function":{"name":"us-central1-readmeGen"},"extension":{},"message":"[worker-us-central1-readmeGen-18231038-2a94-4c1b-98ea-2445099d2560]: BUSY"}}
[info] >  {"method":"POST","path":"/","severity":"INFO","message":"readmeGen started"} {"user":{"method":"POST","path":"/","severity":"INFO","message":"readmeGen started"},"metadata":{"emulator":{"name":"functions"},"function":{"name":"us-central1-readmeGen"},"extension":{},"message":"\u001b[90m> \u001b[39m {\"method\":\"POST\",\"path\":\"/\",\"severity\":\"INFO\",\"message\":\"readmeGen started\"}"}}
[warn] !  Google API requested!
   - URL: "http://169.254.169.254/computeMetadata/v1/instance/service-accounts/default/token?scopes=https%3A%2F%2Fwww.googleapis.com%2Fauth%2Fcloud-platform"
   - Be careful, this may be a production service. {"metadata":{"emulator":{"name":"functions"},"function":{"name":"us-central1-readmeGen"},"extension":{},"message":"Google API requested!\n   - URL: \"http://169.254.169.254/computeMetadata/v1/instance/service-accounts/default/token?scopes=https%3A%2F%2Fwww.googleapis.com%2Fauth%2Fcloud-platform\"\n   - Be careful, this may be a production service."}}
[info] >  {"severity":"ERROR","message":"failed to access secret Error: 2 UNKNOWN: Getting metadata from plugin failed with error: Could not refresh access token: request to http://169.254.169.254/computeMetadata/v1/instance/service-accounts/default/token?scopes=https%3A%2F%2Fwww.googleapis.com%2Fauth%2Fcloud-platform failed, reason: connect ENETUNREACH 169.254.169.254:80\n    at callErrorFromStatus (C:\\Users\\coolj\\Desktop\\code\\gitpolish\\Git-Polish\\functions\\node_modules\\@grpc\\grpc-js\\build\\src\\call.js:32:19)\n    at Object.onReceiveStatus (C:\\Users\\coolj\\Desktop\\code\\gitpolish\\Git-Polish\\functions\\node_modules\\@grpc\\grpc-js\\build\\src\\client.js:193:76)\n    at Object.onReceiveStatus (C:\\Users\\coolj\\Desktop\\code\\gitpolish\\Git-Polish\\functions\\node_modules\\@grpc\\grpc-js\\build\\src\\client-interceptors.js:367:141)\n    at Object.onReceiveStatus (C:\\Users\\coolj\\Desktop\\code\\gitpolish\\Git-Polish\\functions\\node_modules\\@grpc\\grpc-js\\build\\src\\client-interceptors.js:327:181)\n    at C:\\Users\\coolj\\Desktop\\code\\gitpolish\\Git-Polish\\functions\\node_modules\\@grpc\\grpc-js\\build\\src\\resolving-call.js:135:78\n    at process.processTicksAndRejections (node:internal/process/task_queues:85:11)\nfor call at\n    at ServiceClientImpl.makeUnaryRequest (C:\\Users\\coolj\\Desktop\\code\\gitpolish\\Git-Polish\\functions\\node_modules\\@grpc\\grpc-js\\build\\src\\client.js:161:32)\n    at ServiceClientImpl.<anonymous> (C:\\Users\\coolj\\Desktop\\code\\gitpolish\\Git-Polish\\functions\\node_modules\\@grpc\\grpc-js\\build\\src\\make-client.js:105:19)\n    at C:\\Users\\coolj\\Desktop\\code\\gitpolish\\Git-Polish\\functions\\node_modules\\@google-cloud\\secret-manager\\build\\src\\v1\\secret_manager_service_client.js:227:29\n    at C:\\Users\\coolj\\Desktop\\code\\gitpolish\\Git-Polish\\functions\\node_modules\\@google-cloud\\secret-manager\\node_modules\\google-gax\\build\\src\\normalCalls\\timeout.js:44:16\n    at repeat (C:\\Users\\coolj\\Desktop\\code\\gitpolish\\Git-Polish\\functions\\node_modules\\@google-cloud\\secret-manager\\node_modules\\google-gax\\build\\src\\normalCalls\\retries.js:114:25)\n    at C:\\Users\\coolj\\Desktop\\code\\gitpolish\\Git-Polish\\functions\\node_modules\\@google-cloud\\secret-manager\\node_modules\\google-gax\\build\\src\\normalCalls\\retries.js:156:13\n    at OngoingCallPromise.call (C:\\Users\\coolj\\Desktop\\code\\gitpolish\\Git-Polish\\functions\\node_modules\\@google-cloud\\secret-manager\\node_modules\\google-gax\\build\\src\\call.js:70:27)\n    at NormalApiCaller.call (C:\\Users\\coolj\\Desktop\\code\\gitpolish\\Git-Polish\\functions\\node_modules\\@google-cloud\\secret-manager\\node_modules\\google-gax\\build\\src\\normalCalls\\normalApiCaller.js:34:19)\n    at C:\\Users\\coolj\\Desktop\\code\\gitpolish\\Git-Polish\\functions\\node_modules\\@google-cloud\\secret-manager\\node_modules\\google-gax\\build\\src\\createApiCall.js:110:30\n    at process.processTicksAndRejections (node:internal/process/task_queues:105:5) {\n  code: 2,\n  details: 'Getting metadata from plugin failed with error: Could not refresh access token: request to http://169.254.169.254/computeMetadata/v1/instance/service-accounts/default/token?scopes=https%3A%2F%2Fwww.googleapis.com%2Fauth%2Fcloud-platform failed, reason: connect ENETUNREACH 169.254.169.254:80',\n  metadata: Metadata {\n    internalRepr: Map(0) {},\n    opaqueData: Map(0) {},\n    options: {}\n  },\n  note: 'Exception occurred in retry method that was not classified as transient'\n}"} {"user":{"severity":"ERROR","message":"failed to access secret Error: 2 UNKNOWN: Getting metadata from plugin failed with error: Could not refresh access token: request to http://169.254.169.254/computeMetadata/v1/instance/service-accounts/default/token?scopes=https%3A%2F%2Fwww.googleapis.com%2Fauth%2Fcloud-platform failed, reason: connect ENETUNREACH 169.254.169.254:80\n    at callErrorFromStatus (C:\\Users\\coolj\\Desktop\\code\\gitpolish\\Git-Polish\\functions\\node_modules\\@grpc\\grpc-js\\build\\src\\call.js:32:19)\n    at Object.onReceiveStatus (C:\\Users\\coolj\\Desktop\\code\\gitpolish\\Git-Polish\\functions\\node_modules\\@grpc\\grpc-js\\build\\src\\client.js:193:76)\n    at Object.onReceiveStatus (C:\\Users\\coolj\\Desktop\\code\\gitpolish\\Git-Polish\\functions\\node_modules\\@grpc\\grpc-js\\build\\src\\client-interceptors.js:367:141)\n    at Object.onReceiveStatus (C:\\Users\\coolj\\Desktop\\code\\gitpolish\\Git-Polish\\functions\\node_modules\\@grpc\\grpc-js\\build\\src\\client-interceptors.js:327:181)\n    at C:\\Users\\coolj\\Desktop\\code\\gitpolish\\Git-Polish\\functions\\node_modules\\@grpc\\grpc-js\\build\\src\\resolving-call.js:135:78\n    at process.processTicksAndRejections (node:internal/process/task_queues:85:11)\nfor call at\n    at ServiceClientImpl.makeUnaryRequest (C:\\Users\\coolj\\Desktop\\code\\gitpolish\\Git-Polish\\functions\\node_modules\\@grpc\\grpc-js\\build\\src\\client.js:161:32)\n    at ServiceClientImpl.<anonymous> (C:\\Users\\coolj\\Desktop\\code\\gitpolish\\Git-Polish\\functions\\node_modules\\@grpc\\grpc-js\\build\\src\\make-client.js:105:19)\n    at C:\\Users\\coolj\\Desktop\\code\\gitpolish\\Git-Polish\\functions\\node_modules\\@google-cloud\\secret-manager\\build\\src\\v1\\secret_manager_service_client.js:227:29\n    at C:\\Users\\coolj\\Desktop\\code\\gitpolish\\Git-Polish\\functions\\node_modules\\@google-cloud\\secret-manager\\node_modules\\google-gax\\build\\src\\normalCalls\\timeout.js:44:16\n    at repeat (C:\\Users\\coolj\\Desktop\\code\\gitpolish\\Git-Polish\\functions\\node_modules\\@google-cloud\\secret-manager\\node_modules\\google-gax\\build\\src\\normalCalls\\retries.js:114:25)\n    at C:\\Users\\coolj\\Desktop\\code\\gitpolish\\Git-Polish\\functions\\node_modules\\@google-cloud\\secret-manager\\node_modules\\google-gax\\build\\src\\normalCalls\\retries.js:156:13\n    at OngoingCallPromise.call (C:\\Users\\coolj\\Desktop\\code\\gitpolish\\Git-Polish\\functions\\node_modules\\@google-cloud\\secret-manager\\node_modules\\google-gax\\build\\src\\call.js:70:27)\n    at NormalApiCaller.call (C:\\Users\\coolj\\Desktop\\code\\gitpolish\\Git-Polish\\functions\\node_modules\\@google-cloud\\secret-manager\\node_modules\\google-gax\\build\\src\\normalCalls\\normalApiCaller.js:34:19)\n    at C:\\Users\\coolj\\Desktop\\code\\gitpolish\\Git-Polish\\functions\\node_modules\\@google-cloud\\secret-manager\\node_modules\\google-gax\\build\\src\\createApiCall.js:110:30\n    at process.processTicksAndRejections (node:internal/process/task_queues:105:5) {\n  code: 2,\n  details: 'Getting metadata from plugin failed with error: Could not refresh access token: request to http://169.254.169.254/computeMetadata/v1/instance/service-accounts/default/token?scopes=https%3A%2F%2Fwww.googleapis.com%2Fauth%2Fcloud-platform failed, reason: connect ENETUNREACH 169.254.169.254:80',\n  metadata: Metadata {\n    internalRepr: Map(0) {},\n    opaqueData: Map(0) {},\n    options: {}\n  },\n  note: 'Exception occurred in retry method that was not classified as transient'\n}"},"metadata":{"emulator":{"name":"functions"},"function":{"name":"us-central1-readmeGen"},"extension":{},"message":"\u001b[90m> \u001b[39m {\"severity\":\"ERROR\",\"message\":\"failed to access secret Error: 2 UNKNOWN: Getting metadata from plugin failed with error: Could not refresh access token: request to http://169.254.169.254/computeMetadata/v1/instance/service-accounts/default/token?scopes=https%3A%2F%2Fwww.googleapis.com%2Fauth%2Fcloud-platform failed, reason: connect ENETUNREACH 169.254.169.254:80\\n    at callErrorFromStatus (C:\\\\Users\\\\coolj\\\\Desktop\\\\code\\\\gitpolish\\\\Git-Polish\\\\functions\\\\node_modules\\\\@grpc\\\\grpc-js\\\\build\\\\src\\\\call.js:32:19)\\n    at Object.onReceiveStatus (C:\\\\Users\\\\coolj\\\\Desktop\\\\code\\\\gitpolish\\\\Git-Polish\\\\functions\\\\node_modules\\\\@grpc\\\\grpc-js\\\\build\\\\src\\\\client.js:193:76)\\n    at Object.onReceiveStatus (C:\\\\Users\\\\coolj\\\\Desktop\\\\code\\\\gitpolish\\\\Git-Polish\\\\functions\\\\node_modules\\\\@grpc\\\\grpc-js\\\\build\\\\src\\\\client-interceptors.js:367:141)\\n    at Object.onReceiveStatus (C:\\\\Users\\\\coolj\\\\Desktop\\\\code\\\\gitpolish\\\\Git-Polish\\\\functions\\\\node_modules\\\\@grpc\\\\grpc-js\\\\build\\\\src\\\\client-interceptors.js:327:181)\\n    at C:\\\\Users\\\\coolj\\\\Desktop\\\\code\\\\gitpolish\\\\Git-Polish\\\\functions\\\\node_modules\\\\@grpc\\\\grpc-js\\\\build\\\\src\\\\resolving-call.js:135:78\\n    at process.processTicksAndRejections (node:internal/process/task_queues:85:11)\\nfor call at\\n    at ServiceClientImpl.makeUnaryRequest (C:\\\\Users\\\\coolj\\\\Desktop\\\\code\\\\gitpolish\\\\Git-Polish\\\\functions\\\\node_modules\\\\@grpc\\\\grpc-js\\\\build\\\\src\\\\client.js:161:32)\\n    at ServiceClientImpl.<anonymous> (C:\\\\Users\\\\coolj\\\\Desktop\\\\code\\\\gitpolish\\\\Git-Polish\\\\functions\\\\node_modules\\\\@grpc\\\\grpc-js\\\\build\\\\src\\\\make-client.js:105:19)\\n    at C:\\\\Users\\\\coolj\\\\Desktop\\\\code\\\\gitpolish\\\\Git-Polish\\\\functions\\\\node_modules\\\\@google-cloud\\\\secret-manager\\\\build\\\\src\\\\v1\\\\secret_manager_service_client.js:227:29\\n    at C:\\\\Users\\\\coolj\\\\Desktop\\\\code\\\\gitpolish\\\\Git-Polish\\\\functions\\\\node_modules\\\\@google-cloud\\\\secret-manager\\\\node_modules\\\\google-gax\\\\build\\\\src\\\\normalCalls\\\\timeout.js:44:16\\n    at repeat (C:\\\\Users\\\\coolj\\\\Desktop\\\\code\\\\gitpolish\\\\Git-Polish\\\\functions\\\\node_modules\\\\@google-cloud\\\\secret-manager\\\\node_modules\\\\google-gax\\\\build\\\\src\\\\normalCalls\\\\retries.js:114:25)\\n    at C:\\\\Users\\\\coolj\\\\Desktop\\\\code\\\\gitpolish\\\\Git-Polish\\\\functions\\\\node_modules\\\\@google-cloud\\\\secret-manager\\\\node_modules\\\\google-gax\\\\build\\\\src\\\\normalCalls\\\\retries.js:156:13\\n    at OngoingCallPromise.call (C:\\\\Users\\\\coolj\\\\Desktop\\\\code\\\\gitpolish\\\\Git-Polish\\\\functions\\\\node_modules\\\\@google-cloud\\\\secret-manager\\\\node_modules\\\\google-gax\\\\build\\\\src\\\\call.js:70:27)\\n    at NormalApiCaller.call (C:\\\\Users\\\\coolj\\\\Desktop\\\\code\\\\gitpolish\\\\Git-Polish\\\\functions\\\\node_modules\\\\@google-cloud\\\\secret-manager\\\\node_modules\\\\google-gax\\\\build\\\\src\\\\normalCalls\\\\normalApiCaller.js:34:19)\\n    at C:\\\\Users\\\\coolj\\\\Desktop\\\\code\\\\gitpolish\\\\Git-Polish\\\\functions\\\\node_modules\\\\@google-cloud\\\\secret-manager\\\\node_modules\\\\google-gax\\\\build\\\\src\\\\createApiCall.js:110:30\\n    at process.processTicksAndRejections (node:internal/process/task_queues:105:5) {\\n  code: 2,\\n  details: 'Getting metadata from plugin failed with error: Could not refresh access token: request to http://169.254.169.254/computeMetadata/v1/instance/service-accounts/default/token?scopes=https%3A%2F%2Fwww.googleapis.com%2Fauth%2Fcloud-platform failed, reason: connect ENETUNREACH 169.254.169.254:80',\\n  metadata: Metadata {\\n    internalRepr: Map(0) {},\\n    opaqueData: Map(0) {},\\n    options: {}\\n  },\\n  note: 'Exception occurred in retry method that was not classified as transient'\\n}\"}"}}
[debug] [2025-10-18T19:32:02.763Z] Finishing up request with event=pause {"metadata":{"emulator":{"name":"functions"},"function":{"name":"us-central1-readmeGen"},"extension":{},"message":"Finishing up request with event=pause"}}
[info] i  functions: Finished "us-central1-readmeGen" in 2290.6483ms {"metadata":{"emulator":{"name":"functions"},"function":{"name":"us-central1-readmeGen"},"extension":{},"message":"Finished \"us-central1-readmeGen\" in 2290.6483ms"}}
[debug] [2025-10-18T19:32:02.763Z] [worker-us-central1-readmeGen-18231038-2a94-4c1b-98ea-2445099d2560]: IDLE {"metadata":{"emulator":{"name":"functions"},"function":{"name":"us-central1-readmeGen"},"extension":{},"message":"[worker-us-central1-readmeGen-18231038-2a94-4c1b-98ea-2445099d2560]: IDLE"}}
[debug] [2025-10-18T19:32:02.763Z] Finishing up request with event=finish {"metadata":{"emulator":{"name":"functions"},"function":{"name":"us-central1-readmeGen"},"extension":{},"message":"Finishing up request with event=finish"}}
[debug] [2025-10-18T19:32:02.764Z] Finishing up request with event=close {"metadata":{"emulator":{"name":"functions"},"function":{"name":"us-central1-readmeGen"},"extension":{},"message":"Finishing up request with event=close"}}
[debug] [2025-10-18T19:32:02.764Z] [work-queue] {"queuedWork":[],"queueLength":0,"runningWork":[],"workRunningCount":0}
[debug] [2025-10-18T19:33:39.847Z] File C:\Users\coolj\Desktop\code\gitpolish\Git-Polish\functions\index.js changed, reloading triggers {"metadata":{"emulator":{"name":"functions"},"message":"File C:\\Users\\coolj\\Desktop\\code\\gitpolish\\Git-Polish\\functions\\index.js changed, reloading triggers"}}
[debug] [2025-10-18T19:33:40.852Z] Validating nodejs source
[debug] [2025-10-18T19:33:41.495Z] > [functions] package.json contents: {
  "name": "functions",
  "description": "Cloud Functions for Firebase",
  "type": "module",
  "scripts": {
    "lint": "eslint .",
    "serve": "firebase emulators:start --only functions",
    "shell": "firebase functions:shell",
    "start": "npm run shell",
    "deploy": "firebase deploy --only functions",
    "logs": "firebase functions:log"
  },
  "engines": {
    "node": "22"
  },
  "main": "index.js",
  "dependencies": {
    "@google-cloud/secret-manager": "^6.1.1",
    "@google/genai": "^1.25.0",
    "adm-zip": "^0.5.16",
    "firebase-admin": "^13.5.0",
    "firebase-functions": "^6.0.1",
    "firebase-tools": "^14.20.0"
  },
  "devDependencies": {
    "eslint": "^8.15.0",
    "eslint-config-google": "^0.14.0",
    "firebase-functions-test": "^3.1.0"
  },
  "private": true
}
[debug] [2025-10-18T19:33:41.496Z] Building nodejs source
[debug] [2025-10-18T19:33:41.496Z] Failed to find version of module node: reached end of search path C:\Users\coolj\Desktop\code\gitpolish\Git-Polish\functions\node_modules
[info] +  functions: Using node@22 from host. 
[debug] [2025-10-18T19:33:41.497Z] Could not find functions.yaml. Must use http discovery
[debug] [2025-10-18T19:33:41.502Z] Found firebase-functions binary at 'C:\Users\coolj\Desktop\code\gitpolish\Git-Polish\functions\node_modules\.bin\firebase-functions'
[info] Serving at port 8560

[debug] [2025-10-18T19:33:42.130Z] Got response from /__/functions.yaml {"endpoints":{"readmeGen":{"availableMemoryMb":null,"timeoutSeconds":null,"minInstances":null,"maxInstances":null,"ingressSettings":null,"concurrency":null,"serviceAccountEmail":null,"vpc":null,"platform":"gcfv2","labels":{},"httpsTrigger":{},"entryPoint":"readmeGen"}},"specVersion":"v1alpha1","requiredAPIs":[],"extensions":{}}
[info] +  functions: Loaded functions definitions from source: readmeGen. {"metadata":{"emulator":{"name":"functions"},"message":"Loaded functions definitions from source: readmeGen."}}
[debug] [2025-10-18T19:33:46.153Z] [worker-pool] Shutting down IDLE worker (us-central1-readmeGen) {"metadata":{"emulator":{"name":"functions"},"message":"[worker-pool] Shutting down IDLE worker (us-central1-readmeGen)"}}
[debug] [2025-10-18T19:33:46.153Z] [worker-us-central1-readmeGen-18231038-2a94-4c1b-98ea-2445099d2560]: FINISHING {"metadata":{"emulator":{"name":"functions"},"function":{"name":"us-central1-readmeGen"},"extension":{},"message":"[worker-us-central1-readmeGen-18231038-2a94-4c1b-98ea-2445099d2560]: FINISHING"}}
[debug] [2025-10-18T19:33:46.165Z] [worker-us-central1-readmeGen-18231038-2a94-4c1b-98ea-2445099d2560]: exited {"metadata":{"emulator":{"name":"functions"},"function":{"name":"us-central1-readmeGen"},"extension":{},"message":"[worker-us-central1-readmeGen-18231038-2a94-4c1b-98ea-2445099d2560]: exited"}}
[debug] [2025-10-18T19:33:46.165Z] [worker-us-central1-readmeGen-18231038-2a94-4c1b-98ea-2445099d2560]: FINISHED {"metadata":{"emulator":{"name":"functions"},"function":{"name":"us-central1-readmeGen"},"extension":{},"message":"[worker-us-central1-readmeGen-18231038-2a94-4c1b-98ea-2445099d2560]: FINISHED"}}
[debug] [2025-10-18T19:33:48.478Z] [work-queue] {"queuedWork":["/demo-no-project/us-central1/readmeGen-2025-10-18T19:33:48.478Z"],"queueLength":1,"runningWork":[],"workRunningCount":0}
[debug] [2025-10-18T19:33:48.478Z] [work-queue] {"queuedWork":[],"queueLength":0,"runningWork":["/demo-no-project/us-central1/readmeGen-2025-10-18T19:33:48.478Z"],"workRunningCount":1}
[debug] [2025-10-18T19:33:48.478Z] Accepted request POST /demo-no-project/us-central1/readmeGen --> us-central1-readmeGen
[debug] [2025-10-18T19:33:48.478Z] [functions] Runtime ready! Sending request! {"metadata":{"emulator":{"name":"functions"},"message":"[functions] Runtime ready! Sending request!"}}
[debug] [2025-10-18T19:33:48.478Z] [functions] Got req.url=/demo-no-project/us-central1/readmeGen, mapping to path=/ {"metadata":{"emulator":{"name":"functions"},"message":"[functions] Got req.url=/demo-no-project/us-central1/readmeGen, mapping to path=/"}}
[debug] [2025-10-18T19:33:48.479Z] [worker-pool] Cleaned up workers for us-central1-readmeGen: 1 --> 0 {"metadata":{"emulator":{"name":"functions"},"message":"[worker-pool] Cleaned up workers for us-central1-readmeGen: 1 --> 0"}}
[debug] [2025-10-18T19:33:48.483Z] [worker-pool] addWorker(us-central1-readmeGen) {"metadata":{"emulator":{"name":"functions"},"message":"[worker-pool] addWorker(us-central1-readmeGen)"}}
[debug] [2025-10-18T19:33:48.483Z] [worker-pool] Adding worker with key us-central1-readmeGen, total=1 {"metadata":{"emulator":{"name":"functions"},"message":"[worker-pool] Adding worker with key us-central1-readmeGen, total=1"}}
[debug] [2025-10-18T19:33:49.302Z] [runtime-status] [7500] Resolved module firebase-admin {"declared":true,"installed":true,"version":"13.5.0","resolution":"C:\\Users\\coolj\\Desktop\\code\\gitpolish\\Git-Polish\\functions\\node_modules\\firebase-admin\\lib\\index.js"} {"metadata":{"emulator":{"name":"functions"},"function":{"name":"us-central1-readmeGen"},"extension":{},"message":"[runtime-status] [7500] Resolved module firebase-admin {\"declared\":true,\"installed\":true,\"version\":\"13.5.0\",\"resolution\":\"C:\\\\Users\\\\coolj\\\\Desktop\\\\code\\\\gitpolish\\\\Git-Polish\\\\functions\\\\node_modules\\\\firebase-admin\\\\lib\\\\index.js\"}"}}
[debug] [2025-10-18T19:33:49.303Z] [runtime-status] [7500] Resolved module firebase-functions {"declared":true,"installed":true,"version":"6.5.0","resolution":"C:\\Users\\coolj\\Desktop\\code\\gitpolish\\Git-Polish\\functions\\node_modules\\firebase-functions\\lib\\v2\\index.js"} {"metadata":{"emulator":{"name":"functions"},"function":{"name":"us-central1-readmeGen"},"extension":{},"message":"[runtime-status] [7500] Resolved module firebase-functions {\"declared\":true,\"installed\":true,\"version\":\"6.5.0\",\"resolution\":\"C:\\\\Users\\\\coolj\\\\Desktop\\\\code\\\\gitpolish\\\\Git-Polish\\\\functions\\\\node_modules\\\\firebase-functions\\\\lib\\\\v2\\\\index.js\"}"}}
[debug] [2025-10-18T19:33:49.303Z] [runtime-status] [7500] Outgoing network have been stubbed. [{"name":"http","status":"mocked"},{"name":"http","status":"mocked"},{"name":"https","status":"mocked"},{"name":"https","status":"mocked"},{"name":"net","status":"mocked"}] {"metadata":{"emulator":{"name":"functions"},"function":{"name":"us-central1-readmeGen"},"extension":{},"message":"[runtime-status] [7500] Outgoing network have been stubbed. [{\"name\":\"http\",\"status\":\"mocked\"},{\"name\":\"http\",\"status\":\"mocked\"},{\"name\":\"https\",\"status\":\"mocked\"},{\"name\":\"https\",\"status\":\"mocked\"},{\"name\":\"net\",\"status\":\"mocked\"}]"}}
[debug] [2025-10-18T19:33:49.303Z] [runtime-status] [7500] Resolved module firebase-functions {"declared":true,"installed":true,"version":"6.5.0","resolution":"C:\\Users\\coolj\\Desktop\\code\\gitpolish\\Git-Polish\\functions\\node_modules\\firebase-functions\\lib\\v2\\index.js"} {"metadata":{"emulator":{"name":"functions"},"function":{"name":"us-central1-readmeGen"},"extension":{},"message":"[runtime-status] [7500] Resolved module firebase-functions {\"declared\":true,\"installed\":true,\"version\":\"6.5.0\",\"resolution\":\"C:\\\\Users\\\\coolj\\\\Desktop\\\\code\\\\gitpolish\\\\Git-Polish\\\\functions\\\\node_modules\\\\firebase-functions\\\\lib\\\\v2\\\\index.js\"}"}}
[debug] [2025-10-18T19:33:49.485Z] [runtime-status] [7500] Checked functions.config() {"config":{}} {"metadata":{"emulator":{"name":"functions"},"function":{"name":"us-central1-readmeGen"},"extension":{},"message":"[runtime-status] [7500] Checked functions.config() {\"config\":{}}"}}
[debug] [2025-10-18T19:33:49.485Z] [runtime-status] [7500] firebase-functions has been stubbed. {"functionsResolution":{"declared":true,"installed":true,"version":"6.5.0","resolution":"C:\\Users\\coolj\\Desktop\\code\\gitpolish\\Git-Polish\\functions\\node_modules\\firebase-functions\\lib\\v2\\index.js"}} {"metadata":{"emulator":{"name":"functions"},"function":{"name":"us-central1-readmeGen"},"extension":{},"message":"[runtime-status] [7500] firebase-functions has been stubbed. {\"functionsResolution\":{\"declared\":true,\"installed\":true,\"version\":\"6.5.0\",\"resolution\":\"C:\\\\Users\\\\coolj\\\\Desktop\\\\code\\\\gitpolish\\\\Git-Polish\\\\functions\\\\node_modules\\\\firebase-functions\\\\lib\\\\v2\\\\index.js\"}}"}}
[debug] [2025-10-18T19:33:49.486Z] [runtime-status] [7500] Resolved module firebase-functions {"declared":true,"installed":true,"version":"6.5.0","resolution":"C:\\Users\\coolj\\Desktop\\code\\gitpolish\\Git-Polish\\functions\\node_modules\\firebase-functions\\lib\\v2\\index.js"} {"metadata":{"emulator":{"name":"functions"},"function":{"name":"us-central1-readmeGen"},"extension":{},"message":"[runtime-status] [7500] Resolved module firebase-functions {\"declared\":true,\"installed\":true,\"version\":\"6.5.0\",\"resolution\":\"C:\\\\Users\\\\coolj\\\\Desktop\\\\code\\\\gitpolish\\\\Git-Polish\\\\functions\\\\node_modules\\\\firebase-functions\\\\lib\\\\v2\\\\index.js\"}"}}
[debug] [2025-10-18T19:33:49.489Z] [runtime-status] [7500] Resolved module firebase-admin {"declared":true,"installed":true,"version":"13.5.0","resolution":"C:\\Users\\coolj\\Desktop\\code\\gitpolish\\Git-Polish\\functions\\node_modules\\firebase-admin\\lib\\index.js"} {"metadata":{"emulator":{"name":"functions"},"function":{"name":"us-central1-readmeGen"},"extension":{},"message":"[runtime-status] [7500] Resolved module firebase-admin {\"declared\":true,\"installed\":true,\"version\":\"13.5.0\",\"resolution\":\"C:\\\\Users\\\\coolj\\\\Desktop\\\\code\\\\gitpolish\\\\Git-Polish\\\\functions\\\\node_modules\\\\firebase-admin\\\\lib\\\\index.js\"}"}}
[debug] [2025-10-18T19:33:49.490Z] [runtime-status] [7500] Resolved module firebase-functions {"declared":true,"installed":true,"version":"6.5.0","resolution":"C:\\Users\\coolj\\Desktop\\code\\gitpolish\\Git-Polish\\functions\\node_modules\\firebase-functions\\lib\\v2\\index.js"} {"metadata":{"emulator":{"name":"functions"},"function":{"name":"us-central1-readmeGen"},"extension":{},"message":"[runtime-status] [7500] Resolved module firebase-functions {\"declared\":true,\"installed\":true,\"version\":\"6.5.0\",\"resolution\":\"C:\\\\Users\\\\coolj\\\\Desktop\\\\code\\\\gitpolish\\\\Git-Polish\\\\functions\\\\node_modules\\\\firebase-functions\\\\lib\\\\v2\\\\index.js\"}"}}
[debug] [2025-10-18T19:33:49.490Z] [runtime-status] [7500] firebase-admin has been stubbed. {"adminResolution":{"declared":true,"installed":true,"version":"13.5.0","resolution":"C:\\Users\\coolj\\Desktop\\code\\gitpolish\\Git-Polish\\functions\\node_modules\\firebase-admin\\lib\\index.js"}} {"metadata":{"emulator":{"name":"functions"},"function":{"name":"us-central1-readmeGen"},"extension":{},"message":"[runtime-status] [7500] firebase-admin has been stubbed. {\"adminResolution\":{\"declared\":true,\"installed\":true,\"version\":\"13.5.0\",\"resolution\":\"C:\\\\Users\\\\coolj\\\\Desktop\\\\code\\\\gitpolish\\\\Git-Polish\\\\functions\\\\node_modules\\\\firebase-admin\\\\lib\\\\index.js\"}}"}}
[debug] [2025-10-18T19:33:49.681Z] [runtime-status] [7500] Functions runtime initialized. {"cwd":"C:\\Users\\coolj\\Desktop\\code\\gitpolish\\Git-Polish\\functions","node_version":"22.18.0"} {"metadata":{"emulator":{"name":"functions"},"function":{"name":"us-central1-readmeGen"},"extension":{},"message":"[runtime-status] [7500] Functions runtime initialized. {\"cwd\":\"C:\\\\Users\\\\coolj\\\\Desktop\\\\code\\\\gitpolish\\\\Git-Polish\\\\functions\",\"node_version\":\"22.18.0\"}"}}
[debug] [2025-10-18T19:33:49.681Z] [runtime-status] [7500] Listening to port: \\?\pipe\fire_emu_c86307f15e4534ce {"metadata":{"emulator":{"name":"functions"},"function":{"name":"us-central1-readmeGen"},"extension":{},"message":"[runtime-status] [7500] Listening to port: \\\\?\\pipe\\fire_emu_c86307f15e4534ce"}}
[debug] [2025-10-18T19:33:49.704Z] [worker-us-central1-readmeGen-5afd4de6-78c5-4086-8d6e-78ed0993adbd]: IDLE {"metadata":{"emulator":{"name":"functions"},"function":{"name":"us-central1-readmeGen"},"extension":{},"message":"[worker-us-central1-readmeGen-5afd4de6-78c5-4086-8d6e-78ed0993adbd]: IDLE"}}
[debug] [2025-10-18T19:33:49.704Z] [worker-pool] submitRequest(triggerId=us-central1-readmeGen) {"metadata":{"emulator":{"name":"functions"},"message":"[worker-pool] submitRequest(triggerId=us-central1-readmeGen)"}}
[info] i  functions: Beginning execution of "us-central1-readmeGen" {"metadata":{"emulator":{"name":"functions"},"function":{"name":"us-central1-readmeGen"},"extension":{},"message":"Beginning execution of \"us-central1-readmeGen\""}}
[debug] [2025-10-18T19:33:49.705Z] [worker-us-central1-readmeGen-5afd4de6-78c5-4086-8d6e-78ed0993adbd]: BUSY {"metadata":{"emulator":{"name":"functions"},"function":{"name":"us-central1-readmeGen"},"extension":{},"message":"[worker-us-central1-readmeGen-5afd4de6-78c5-4086-8d6e-78ed0993adbd]: BUSY"}}
[info] >  {"method":"POST","path":"/","severity":"INFO","message":"readmeGen started"} {"user":{"method":"POST","path":"/","severity":"INFO","message":"readmeGen started"},"metadata":{"emulator":{"name":"functions"},"function":{"name":"us-central1-readmeGen"},"extension":{},"message":"\u001b[90m> \u001b[39m {\"method\":\"POST\",\"path\":\"/\",\"severity\":\"INFO\",\"message\":\"readmeGen started\"}"}}
[info] >  {"severity":"INFO","message":"Requesting repo ZIP from: https://api.github.com/repos/ThisisJackRyan/The-Note-Distillery/zipball"} {"user":{"severity":"INFO","message":"Requesting repo ZIP from: https://api.github.com/repos/ThisisJackRyan/The-Note-Distillery/zipball"},"metadata":{"emulator":{"name":"functions"},"function":{"name":"us-central1-readmeGen"},"extension":{},"message":"\u001b[90m> \u001b[39m {\"severity\":\"INFO\",\"message\":\"Requesting repo ZIP from: https://api.github.com/repos/ThisisJackRyan/The-Note-Distillery/zipball\"}"}}
[info] >  {"severity":"INFO","message":"Repository ZIP downloaded to C:\\Users\\coolj\\AppData\\Local\\Temp\\repo.zip"} {"user":{"severity":"INFO","message":"Repository ZIP downloaded to C:\\Users\\coolj\\AppData\\Local\\Temp\\repo.zip"},"metadata":{"emulator":{"name":"functions"},"function":{"name":"us-central1-readmeGen"},"extension":{},"message":"\u001b[90m> \u001b[39m {\"severity\":\"INFO\",\"message\":\"Repository ZIP downloaded to C:\\\\Users\\\\coolj\\\\AppData\\\\Local\\\\Temp\\\\repo.zip\"}"}}
[info] >  {"severity":"INFO","message":"Extracted ZIP to: C:\\Users\\coolj\\AppData\\Local\\Temp\\repo-3XZqrp"} {"user":{"severity":"INFO","message":"Extracted ZIP to: C:\\Users\\coolj\\AppData\\Local\\Temp\\repo-3XZqrp"},"metadata":{"emulator":{"name":"functions"},"function":{"name":"us-central1-readmeGen"},"extension":{},"message":"\u001b[90m> \u001b[39m {\"severity\":\"INFO\",\"message\":\"Extracted ZIP to: C:\\\\Users\\\\coolj\\\\AppData\\\\Local\\\\Temp\\\\repo-3XZqrp\"}"}}
[info] >  {"severity":"INFO","message":"Collected 43 important files"} {"user":{"severity":"INFO","message":"Collected 43 important files"},"metadata":{"emulator":{"name":"functions"},"function":{"name":"us-central1-readmeGen"},"extension":{},"message":"\u001b[90m> \u001b[39m {\"severity\":\"INFO\",\"message\":\"Collected 43 important files\"}"}}
[info] >  {"severity":"INFO","message":"readmeGen finished successfully"} {"user":{"severity":"INFO","message":"readmeGen finished successfully"},"metadata":{"emulator":{"name":"functions"},"function":{"name":"us-central1-readmeGen"},"extension":{},"message":"\u001b[90m> \u001b[39m {\"severity\":\"INFO\",\"message\":\"readmeGen finished successfully\"}"}}
[debug] [2025-10-18T19:34:09.493Z] Finishing up request with event=pause {"metadata":{"emulator":{"name":"functions"},"function":{"name":"us-central1-readmeGen"},"extension":{},"message":"Finishing up request with event=pause"}}
[info] i  functions: Finished "us-central1-readmeGen" in 19788.201ms {"metadata":{"emulator":{"name":"functions"},"function":{"name":"us-central1-readmeGen"},"extension":{},"message":"Finished \"us-central1-readmeGen\" in 19788.201ms"}}
[debug] [2025-10-18T19:34:09.493Z] [worker-us-central1-readmeGen-5afd4de6-78c5-4086-8d6e-78ed0993adbd]: IDLE {"metadata":{"emulator":{"name":"functions"},"function":{"name":"us-central1-readmeGen"},"extension":{},"message":"[worker-us-central1-readmeGen-5afd4de6-78c5-4086-8d6e-78ed0993adbd]: IDLE"}}
[debug] [2025-10-18T19:34:09.493Z] Finishing up request with event=finish {"metadata":{"emulator":{"name":"functions"},"function":{"name":"us-central1-readmeGen"},"extension":{},"message":"Finishing up request with event=finish"}}
[debug] [2025-10-18T19:34:09.493Z] Finishing up request with event=close {"metadata":{"emulator":{"name":"functions"},"function":{"name":"us-central1-readmeGen"},"extension":{},"message":"Finishing up request with event=close"}}
[debug] [2025-10-18T19:34:09.493Z] [work-queue] {"queuedWork":[],"queueLength":0,"runningWork":[],"workRunningCount":0}
[debug] [2025-10-18T19:37:00.503Z] File C:\Users\coolj\Desktop\code\gitpolish\Git-Polish\functions\index.js changed, reloading triggers {"metadata":{"emulator":{"name":"functions"},"message":"File C:\\Users\\coolj\\Desktop\\code\\gitpolish\\Git-Polish\\functions\\index.js changed, reloading triggers"}}
[debug] [2025-10-18T19:37:01.511Z] Validating nodejs source
[debug] [2025-10-18T19:37:02.234Z] > [functions] package.json contents: {
  "name": "functions",
  "description": "Cloud Functions for Firebase",
  "type": "module",
  "scripts": {
    "lint": "eslint .",
    "serve": "firebase emulators:start --only functions",
    "shell": "firebase functions:shell",
    "start": "npm run shell",
    "deploy": "firebase deploy --only functions",
    "logs": "firebase functions:log"
  },
  "engines": {
    "node": "22"
  },
  "main": "index.js",
  "dependencies": {
    "@google-cloud/secret-manager": "^6.1.1",
    "@google/genai": "^1.25.0",
    "adm-zip": "^0.5.16",
    "firebase-admin": "^13.5.0",
    "firebase-functions": "^6.0.1",
    "firebase-tools": "^14.20.0"
  },
  "devDependencies": {
    "eslint": "^8.15.0",
    "eslint-config-google": "^0.14.0",
    "firebase-functions-test": "^3.1.0"
  },
  "private": true
}
[debug] [2025-10-18T19:37:02.235Z] Building nodejs source
[debug] [2025-10-18T19:37:02.235Z] Failed to find version of module node: reached end of search path C:\Users\coolj\Desktop\code\gitpolish\Git-Polish\functions\node_modules
[info] +  functions: Using node@22 from host. 
[debug] [2025-10-18T19:37:02.236Z] Could not find functions.yaml. Must use http discovery
[debug] [2025-10-18T19:37:02.241Z] Found firebase-functions binary at 'C:\Users\coolj\Desktop\code\gitpolish\Git-Polish\functions\node_modules\.bin\firebase-functions'
[info] Serving at port 8541

[debug] [2025-10-18T19:37:02.875Z] Got response from /__/functions.yaml {"endpoints":{"readmeGen":{"availableMemoryMb":null,"timeoutSeconds":null,"minInstances":null,"maxInstances":null,"ingressSettings":null,"concurrency":null,"serviceAccountEmail":null,"vpc":null,"platform":"gcfv2","labels":{},"httpsTrigger":{},"entryPoint":"readmeGen"}},"specVersion":"v1alpha1","requiredAPIs":[],"extensions":{}}
[info] +  functions: Loaded functions definitions from source: readmeGen. {"metadata":{"emulator":{"name":"functions"},"message":"Loaded functions definitions from source: readmeGen."}}
[debug] [2025-10-18T19:37:06.895Z] [worker-pool] Shutting down IDLE worker (us-central1-readmeGen) {"metadata":{"emulator":{"name":"functions"},"message":"[worker-pool] Shutting down IDLE worker (us-central1-readmeGen)"}}
[debug] [2025-10-18T19:37:06.895Z] [worker-us-central1-readmeGen-5afd4de6-78c5-4086-8d6e-78ed0993adbd]: FINISHING {"metadata":{"emulator":{"name":"functions"},"function":{"name":"us-central1-readmeGen"},"extension":{},"message":"[worker-us-central1-readmeGen-5afd4de6-78c5-4086-8d6e-78ed0993adbd]: FINISHING"}}
[debug] [2025-10-18T19:37:06.907Z] [worker-us-central1-readmeGen-5afd4de6-78c5-4086-8d6e-78ed0993adbd]: exited {"metadata":{"emulator":{"name":"functions"},"function":{"name":"us-central1-readmeGen"},"extension":{},"message":"[worker-us-central1-readmeGen-5afd4de6-78c5-4086-8d6e-78ed0993adbd]: exited"}}
[debug] [2025-10-18T19:37:06.907Z] [worker-us-central1-readmeGen-5afd4de6-78c5-4086-8d6e-78ed0993adbd]: FINISHED {"metadata":{"emulator":{"name":"functions"},"function":{"name":"us-central1-readmeGen"},"extension":{},"message":"[worker-us-central1-readmeGen-5afd4de6-78c5-4086-8d6e-78ed0993adbd]: FINISHED"}}
[debug] [2025-10-18T19:39:20.417Z] [work-queue] {"queuedWork":["/demo-no-project/us-central1/readmeGen-2025-10-18T19:39:20.417Z"],"queueLength":1,"runningWork":[],"workRunningCount":0}
[debug] [2025-10-18T19:39:20.417Z] [work-queue] {"queuedWork":[],"queueLength":0,"runningWork":["/demo-no-project/us-central1/readmeGen-2025-10-18T19:39:20.417Z"],"workRunningCount":1}
[debug] [2025-10-18T19:39:20.417Z] Accepted request POST /demo-no-project/us-central1/readmeGen --> us-central1-readmeGen
[debug] [2025-10-18T19:39:20.418Z] [functions] Runtime ready! Sending request! {"metadata":{"emulator":{"name":"functions"},"message":"[functions] Runtime ready! Sending request!"}}
[debug] [2025-10-18T19:39:20.418Z] [functions] Got req.url=/demo-no-project/us-central1/readmeGen, mapping to path=/ {"metadata":{"emulator":{"name":"functions"},"message":"[functions] Got req.url=/demo-no-project/us-central1/readmeGen, mapping to path=/"}}
[debug] [2025-10-18T19:39:20.418Z] [worker-pool] Cleaned up workers for us-central1-readmeGen: 1 --> 0 {"metadata":{"emulator":{"name":"functions"},"message":"[worker-pool] Cleaned up workers for us-central1-readmeGen: 1 --> 0"}}
[debug] [2025-10-18T19:39:20.424Z] [worker-pool] addWorker(us-central1-readmeGen) {"metadata":{"emulator":{"name":"functions"},"message":"[worker-pool] addWorker(us-central1-readmeGen)"}}
[debug] [2025-10-18T19:39:20.425Z] [worker-pool] Adding worker with key us-central1-readmeGen, total=1 {"metadata":{"emulator":{"name":"functions"},"message":"[worker-pool] Adding worker with key us-central1-readmeGen, total=1"}}
[debug] [2025-10-18T19:39:21.241Z] [runtime-status] [13820] Resolved module firebase-admin {"declared":true,"installed":true,"version":"13.5.0","resolution":"C:\\Users\\coolj\\Desktop\\code\\gitpolish\\Git-Polish\\functions\\node_modules\\firebase-admin\\lib\\index.js"} {"metadata":{"emulator":{"name":"functions"},"function":{"name":"us-central1-readmeGen"},"extension":{},"message":"[runtime-status] [13820] Resolved module firebase-admin {\"declared\":true,\"installed\":true,\"version\":\"13.5.0\",\"resolution\":\"C:\\\\Users\\\\coolj\\\\Desktop\\\\code\\\\gitpolish\\\\Git-Polish\\\\functions\\\\node_modules\\\\firebase-admin\\\\lib\\\\index.js\"}"}}
[debug] [2025-10-18T19:39:21.242Z] [runtime-status] [13820] Resolved module firebase-functions {"declared":true,"installed":true,"version":"6.5.0","resolution":"C:\\Users\\coolj\\Desktop\\code\\gitpolish\\Git-Polish\\functions\\node_modules\\firebase-functions\\lib\\v2\\index.js"} {"metadata":{"emulator":{"name":"functions"},"function":{"name":"us-central1-readmeGen"},"extension":{},"message":"[runtime-status] [13820] Resolved module firebase-functions {\"declared\":true,\"installed\":true,\"version\":\"6.5.0\",\"resolution\":\"C:\\\\Users\\\\coolj\\\\Desktop\\\\code\\\\gitpolish\\\\Git-Polish\\\\functions\\\\node_modules\\\\firebase-functions\\\\lib\\\\v2\\\\index.js\"}"}}
[debug] [2025-10-18T19:39:21.243Z] [runtime-status] [13820] Outgoing network have been stubbed. [{"name":"http","status":"mocked"},{"name":"http","status":"mocked"},{"name":"https","status":"mocked"},{"name":"https","status":"mocked"},{"name":"net","status":"mocked"}] {"metadata":{"emulator":{"name":"functions"},"function":{"name":"us-central1-readmeGen"},"extension":{},"message":"[runtime-status] [13820] Outgoing network have been stubbed. [{\"name\":\"http\",\"status\":\"mocked\"},{\"name\":\"http\",\"status\":\"mocked\"},{\"name\":\"https\",\"status\":\"mocked\"},{\"name\":\"https\",\"status\":\"mocked\"},{\"name\":\"net\",\"status\":\"mocked\"}]"}}
[debug] [2025-10-18T19:39:21.243Z] [runtime-status] [13820] Resolved module firebase-functions {"declared":true,"installed":true,"version":"6.5.0","resolution":"C:\\Users\\coolj\\Desktop\\code\\gitpolish\\Git-Polish\\functions\\node_modules\\firebase-functions\\lib\\v2\\index.js"} {"metadata":{"emulator":{"name":"functions"},"function":{"name":"us-central1-readmeGen"},"extension":{},"message":"[runtime-status] [13820] Resolved module firebase-functions {\"declared\":true,\"installed\":true,\"version\":\"6.5.0\",\"resolution\":\"C:\\\\Users\\\\coolj\\\\Desktop\\\\code\\\\gitpolish\\\\Git-Polish\\\\functions\\\\node_modules\\\\firebase-functions\\\\lib\\\\v2\\\\index.js\"}"}}
[debug] [2025-10-18T19:39:21.432Z] [runtime-status] [13820] Checked functions.config() {"config":{}} {"metadata":{"emulator":{"name":"functions"},"function":{"name":"us-central1-readmeGen"},"extension":{},"message":"[runtime-status] [13820] Checked functions.config() {\"config\":{}}"}}
[debug] [2025-10-18T19:39:21.433Z] [runtime-status] [13820] firebase-functions has been stubbed. {"functionsResolution":{"declared":true,"installed":true,"version":"6.5.0","resolution":"C:\\Users\\coolj\\Desktop\\code\\gitpolish\\Git-Polish\\functions\\node_modules\\firebase-functions\\lib\\v2\\index.js"}} {"metadata":{"emulator":{"name":"functions"},"function":{"name":"us-central1-readmeGen"},"extension":{},"message":"[runtime-status] [13820] firebase-functions has been stubbed. {\"functionsResolution\":{\"declared\":true,\"installed\":true,\"version\":\"6.5.0\",\"resolution\":\"C:\\\\Users\\\\coolj\\\\Desktop\\\\code\\\\gitpolish\\\\Git-Polish\\\\functions\\\\node_modules\\\\firebase-functions\\\\lib\\\\v2\\\\index.js\"}}"}}
[debug] [2025-10-18T19:39:21.433Z] [runtime-status] [13820] Resolved module firebase-functions {"declared":true,"installed":true,"version":"6.5.0","resolution":"C:\\Users\\coolj\\Desktop\\code\\gitpolish\\Git-Polish\\functions\\node_modules\\firebase-functions\\lib\\v2\\index.js"} {"metadata":{"emulator":{"name":"functions"},"function":{"name":"us-central1-readmeGen"},"extension":{},"message":"[runtime-status] [13820] Resolved module firebase-functions {\"declared\":true,\"installed\":true,\"version\":\"6.5.0\",\"resolution\":\"C:\\\\Users\\\\coolj\\\\Desktop\\\\code\\\\gitpolish\\\\Git-Polish\\\\functions\\\\node_modules\\\\firebase-functions\\\\lib\\\\v2\\\\index.js\"}"}}
[debug] [2025-10-18T19:39:21.437Z] [runtime-status] [13820] Resolved module firebase-admin {"declared":true,"installed":true,"version":"13.5.0","resolution":"C:\\Users\\coolj\\Desktop\\code\\gitpolish\\Git-Polish\\functions\\node_modules\\firebase-admin\\lib\\index.js"} {"metadata":{"emulator":{"name":"functions"},"function":{"name":"us-central1-readmeGen"},"extension":{},"message":"[runtime-status] [13820] Resolved module firebase-admin {\"declared\":true,\"installed\":true,\"version\":\"13.5.0\",\"resolution\":\"C:\\\\Users\\\\coolj\\\\Desktop\\\\code\\\\gitpolish\\\\Git-Polish\\\\functions\\\\node_modules\\\\firebase-admin\\\\lib\\\\index.js\"}"}}
[debug] [2025-10-18T19:39:21.438Z] [runtime-status] [13820] Resolved module firebase-functions {"declared":true,"installed":true,"version":"6.5.0","resolution":"C:\\Users\\coolj\\Desktop\\code\\gitpolish\\Git-Polish\\functions\\node_modules\\firebase-functions\\lib\\v2\\index.js"} {"metadata":{"emulator":{"name":"functions"},"function":{"name":"us-central1-readmeGen"},"extension":{},"message":"[runtime-status] [13820] Resolved module firebase-functions {\"declared\":true,\"installed\":true,\"version\":\"6.5.0\",\"resolution\":\"C:\\\\Users\\\\coolj\\\\Desktop\\\\code\\\\gitpolish\\\\Git-Polish\\\\functions\\\\node_modules\\\\firebase-functions\\\\lib\\\\v2\\\\index.js\"}"}}
[debug] [2025-10-18T19:39:21.438Z] [runtime-status] [13820] firebase-admin has been stubbed. {"adminResolution":{"declared":true,"installed":true,"version":"13.5.0","resolution":"C:\\Users\\coolj\\Desktop\\code\\gitpolish\\Git-Polish\\functions\\node_modules\\firebase-admin\\lib\\index.js"}} {"metadata":{"emulator":{"name":"functions"},"function":{"name":"us-central1-readmeGen"},"extension":{},"message":"[runtime-status] [13820] firebase-admin has been stubbed. {\"adminResolution\":{\"declared\":true,\"installed\":true,\"version\":\"13.5.0\",\"resolution\":\"C:\\\\Users\\\\coolj\\\\Desktop\\\\code\\\\gitpolish\\\\Git-Polish\\\\functions\\\\node_modules\\\\firebase-admin\\\\lib\\\\index.js\"}}"}}
[debug] [2025-10-18T19:39:21.631Z] [runtime-status] [13820] Functions runtime initialized. {"cwd":"C:\\Users\\coolj\\Desktop\\code\\gitpolish\\Git-Polish\\functions","node_version":"22.18.0"} {"metadata":{"emulator":{"name":"functions"},"function":{"name":"us-central1-readmeGen"},"extension":{},"message":"[runtime-status] [13820] Functions runtime initialized. {\"cwd\":\"C:\\\\Users\\\\coolj\\\\Desktop\\\\code\\\\gitpolish\\\\Git-Polish\\\\functions\",\"node_version\":\"22.18.0\"}"}}
[debug] [2025-10-18T19:39:21.632Z] [runtime-status] [13820] Listening to port: \\?\pipe\fire_emu_2baf535643fdd03a {"metadata":{"emulator":{"name":"functions"},"function":{"name":"us-central1-readmeGen"},"extension":{},"message":"[runtime-status] [13820] Listening to port: \\\\?\\pipe\\fire_emu_2baf535643fdd03a"}}
[debug] [2025-10-18T19:39:21.644Z] [worker-us-central1-readmeGen-22e7bd85-2ae8-452a-9814-141733f26478]: IDLE {"metadata":{"emulator":{"name":"functions"},"function":{"name":"us-central1-readmeGen"},"extension":{},"message":"[worker-us-central1-readmeGen-22e7bd85-2ae8-452a-9814-141733f26478]: IDLE"}}
[debug] [2025-10-18T19:39:21.644Z] [worker-pool] submitRequest(triggerId=us-central1-readmeGen) {"metadata":{"emulator":{"name":"functions"},"message":"[worker-pool] submitRequest(triggerId=us-central1-readmeGen)"}}
[info] i  functions: Beginning execution of "us-central1-readmeGen" {"metadata":{"emulator":{"name":"functions"},"function":{"name":"us-central1-readmeGen"},"extension":{},"message":"Beginning execution of \"us-central1-readmeGen\""}}
[debug] [2025-10-18T19:39:21.645Z] [worker-us-central1-readmeGen-22e7bd85-2ae8-452a-9814-141733f26478]: BUSY {"metadata":{"emulator":{"name":"functions"},"function":{"name":"us-central1-readmeGen"},"extension":{},"message":"[worker-us-central1-readmeGen-22e7bd85-2ae8-452a-9814-141733f26478]: BUSY"}}
[info] >  {"method":"POST","path":"/","severity":"INFO","message":"readmeGen started"} {"user":{"method":"POST","path":"/","severity":"INFO","message":"readmeGen started"},"metadata":{"emulator":{"name":"functions"},"function":{"name":"us-central1-readmeGen"},"extension":{},"message":"\u001b[90m> \u001b[39m {\"method\":\"POST\",\"path\":\"/\",\"severity\":\"INFO\",\"message\":\"readmeGen started\"}"}}
[info] >  {"severity":"INFO","message":"Requesting repo ZIP from: https://api.github.com/repos/ThisisJackRyan/The-Note-Distillery/zipball"} {"user":{"severity":"INFO","message":"Requesting repo ZIP from: https://api.github.com/repos/ThisisJackRyan/The-Note-Distillery/zipball"},"metadata":{"emulator":{"name":"functions"},"function":{"name":"us-central1-readmeGen"},"extension":{},"message":"\u001b[90m> \u001b[39m {\"severity\":\"INFO\",\"message\":\"Requesting repo ZIP from: https://api.github.com/repos/ThisisJackRyan/The-Note-Distillery/zipball\"}"}}
[info] >  {"severity":"INFO","message":"Repository ZIP downloaded to C:\\Users\\coolj\\AppData\\Local\\Temp\\repo.zip"} {"user":{"severity":"INFO","message":"Repository ZIP downloaded to C:\\Users\\coolj\\AppData\\Local\\Temp\\repo.zip"},"metadata":{"emulator":{"name":"functions"},"function":{"name":"us-central1-readmeGen"},"extension":{},"message":"\u001b[90m> \u001b[39m {\"severity\":\"INFO\",\"message\":\"Repository ZIP downloaded to C:\\\\Users\\\\coolj\\\\AppData\\\\Local\\\\Temp\\\\repo.zip\"}"}}
[info] >  {"severity":"INFO","message":"Extracted ZIP to: C:\\Users\\coolj\\AppData\\Local\\Temp\\repo-XAbzkc"} {"user":{"severity":"INFO","message":"Extracted ZIP to: C:\\Users\\coolj\\AppData\\Local\\Temp\\repo-XAbzkc"},"metadata":{"emulator":{"name":"functions"},"function":{"name":"us-central1-readmeGen"},"extension":{},"message":"\u001b[90m> \u001b[39m {\"severity\":\"INFO\",\"message\":\"Extracted ZIP to: C:\\\\Users\\\\coolj\\\\AppData\\\\Local\\\\Temp\\\\repo-XAbzkc\"}"}}
[info] >  {"severity":"INFO","message":"Collected 43 important files"} {"user":{"severity":"INFO","message":"Collected 43 important files"},"metadata":{"emulator":{"name":"functions"},"function":{"name":"us-central1-readmeGen"},"extension":{},"message":"\u001b[90m> \u001b[39m {\"severity\":\"INFO\",\"message\":\"Collected 43 important files\"}"}}
[info] >  {"severity":"INFO","message":"readmeGen finished successfully"} {"user":{"severity":"INFO","message":"readmeGen finished successfully"},"metadata":{"emulator":{"name":"functions"},"function":{"name":"us-central1-readmeGen"},"extension":{},"message":"\u001b[90m> \u001b[39m {\"severity\":\"INFO\",\"message\":\"readmeGen finished successfully\"}"}}
[debug] [2025-10-18T19:39:45.634Z] Finishing up request with event=pause {"metadata":{"emulator":{"name":"functions"},"function":{"name":"us-central1-readmeGen"},"extension":{},"message":"Finishing up request with event=pause"}}
[info] i  functions: Finished "us-central1-readmeGen" in 23989.531ms {"metadata":{"emulator":{"name":"functions"},"function":{"name":"us-central1-readmeGen"},"extension":{},"message":"Finished \"us-central1-readmeGen\" in 23989.531ms"}}
[debug] [2025-10-18T19:39:45.635Z] [worker-us-central1-readmeGen-22e7bd85-2ae8-452a-9814-141733f26478]: IDLE {"metadata":{"emulator":{"name":"functions"},"function":{"name":"us-central1-readmeGen"},"extension":{},"message":"[worker-us-central1-readmeGen-22e7bd85-2ae8-452a-9814-141733f26478]: IDLE"}}
[debug] [2025-10-18T19:39:45.635Z] Finishing up request with event=finish {"metadata":{"emulator":{"name":"functions"},"function":{"name":"us-central1-readmeGen"},"extension":{},"message":"Finishing up request with event=finish"}}
[debug] [2025-10-18T19:39:45.635Z] Finishing up request with event=close {"metadata":{"emulator":{"name":"functions"},"function":{"name":"us-central1-readmeGen"},"extension":{},"message":"Finishing up request with event=close"}}
[debug] [2025-10-18T19:39:45.635Z] [work-queue] {"queuedWork":[],"queueLength":0,"runningWork":[],"workRunningCount":0}
